mode: set
authorizer/internal/app/storage/inmemory.go:40.45,42.2 1 1
authorizer/internal/app/storage/inmemory.go:46.58,76.2 9 1
authorizer/internal/app/storage/inmemory.go:78.101,100.2 6 0
authorizer/internal/app/storage/inmemory.go:103.61,112.2 2 1
authorizer/internal/app/storage/inmemory.go:115.72,118.42 2 1
authorizer/internal/app/storage/inmemory.go:128.2,128.17 1 1
authorizer/internal/app/storage/inmemory.go:118.42,126.3 2 1
authorizer/internal/app/service/readers.go:13.49,16.65 2 1
authorizer/internal/app/service/readers.go:22.2,22.35 1 1
authorizer/internal/app/service/readers.go:26.2,26.22 1 1
authorizer/internal/app/service/readers.go:16.65,20.3 2 1
authorizer/internal/app/service/readers.go:22.35,24.3 1 1
authorizer/internal/app/service/readers.go:30.59,33.70 2 1
authorizer/internal/app/service/readers.go:39.2,39.39 1 1
authorizer/internal/app/service/readers.go:43.2,43.27 1 1
authorizer/internal/app/service/readers.go:33.70,37.3 2 1
authorizer/internal/app/service/readers.go:39.39,41.3 1 1
authorizer/internal/app/service/rules.go:19.47,20.31 1 0
authorizer/internal/app/service/rules.go:25.2,25.17 1 0
authorizer/internal/app/service/rules.go:20.31,23.3 2 0
authorizer/internal/app/service/rules.go:28.54,29.67 1 0
authorizer/internal/app/service/rules.go:35.2,35.17 1 0
authorizer/internal/app/service/rules.go:29.67,33.3 2 0
authorizer/internal/app/service/rules.go:38.56,39.37 1 0
authorizer/internal/app/service/rules.go:49.2,49.17 1 0
authorizer/internal/app/service/rules.go:39.37,42.97 1 0
authorizer/internal/app/service/rules.go:42.97,46.4 2 0
authorizer/internal/app/service/rules.go:52.52,54.2 1 0
authorizer/internal/app/service/service.go:36.36,48.2 2 1
authorizer/internal/app/service/service.go:50.93,54.20 3 0
authorizer/internal/app/service/service.go:61.2,61.59 1 0
authorizer/internal/app/service/service.go:67.2,69.22 2 0
authorizer/internal/app/service/service.go:54.20,59.3 3 0
authorizer/internal/app/service/service.go:61.59,65.3 2 0
authorizer/internal/app/service/service.go:72.103,84.35 5 0
authorizer/internal/app/service/service.go:92.2,93.16 2 0
authorizer/internal/app/service/service.go:99.2,102.22 3 0
authorizer/internal/app/service/service.go:84.35,86.14 2 0
authorizer/internal/app/service/service.go:86.14,89.4 2 0
authorizer/internal/app/service/service.go:93.16,97.3 2 0
authorizer/cmd/root/application.go:20.67,23.21 2 1
authorizer/cmd/root/application.go:23.21,28.10 3 1
authorizer/cmd/root/application.go:63.3,63.49 1 1
authorizer/cmd/root/application.go:29.42,33.18 3 1
authorizer/cmd/root/application.go:37.4,38.18 2 1
authorizer/cmd/root/application.go:44.46,48.18 3 1
authorizer/cmd/root/application.go:52.4,53.18 2 1
authorizer/cmd/root/application.go:59.11,60.40 1 1
authorizer/cmd/root/application.go:33.18,35.5 1 0
authorizer/cmd/root/application.go:38.18,41.13 2 0
authorizer/cmd/root/application.go:48.18,50.5 1 0
authorizer/cmd/root/application.go:53.18,56.13 2 0
